-------------------------------------------------------------------------------
Test set: kas.concurrente.modelos.EstacionamientoTest
-------------------------------------------------------------------------------
Tests run: 5, Failures: 0, Errors: 0, Skipped: 0, Time elapsed: 1.587 s - in kas.concurrente.modelos.EstacionamientoTest
NoEstaLlenoTest  Time elapsed: 0.077 s
ObtenLugarTest  Time elapsed: 0.017 s
conteoGlobalVecesEstacionado  Time elapsed: 0.166 s
lugaresDisponiblesITest  Time elapsed: 0 s
conteoVecesEstacionado  Time elapsed: 1.311 s
